kilo-companion-app/app/build/intermediates/manifest_merge_blame_file/debug/manifest-merger-blame-debug-report.txt
1<?xml version="1.0" encoding="utf-8"?>
2<!--
3  =============================================================================
4  AndroidManifest.xml
5  =============================================================================
6  This is the core configuration file for the Android application.
7  It declares:
8  - App components (Activities, Services)
9  - Required permissions
10  - Intent filters (for OAuth interception)
11  - Hardware/software requirements
12  
13  IMPORTANT: Every Android app MUST have this file.
14  =============================================================================
15-->
16<manifest xmlns:android="http://schemas.android.com/apk/res/android"
17    package="com.kilo.companion"
18    android:versionCode="1"
19    android:versionName="1.0.0" >
20
21    <uses-sdk
22        android:minSdkVersion="26"
23        android:targetSdkVersion="34" />
24
25    <!-- ========================================================================= -->
26    <!-- PERMISSIONS -->
27    <!-- ========================================================================= -->
28    <!-- Permissions tell Android what system resources the app needs access to. -->
29    <!-- Users must grant these permissions for the app to function properly. -->
30    <!-- ========================================================================= -->
31
32
33    <!-- Internet access - required for WebView and OAuth flows -->
34    <uses-permission android:name="android.permission.INTERNET" />
34-->src/main/AndroidManifest.xml:27:5-67
34-->src/main/AndroidManifest.xml:27:22-64
35
36    <!-- Network state - allows checking if network is available -->
37    <uses-permission android:name="android.permission.ACCESS_NETWORK_STATE" />
37-->src/main/AndroidManifest.xml:30:5-79
37-->src/main/AndroidManifest.xml:30:22-76
38
39    <!-- Storage permissions for Android 10 (API 29) and below -->
40    <uses-permission
40-->src/main/AndroidManifest.xml:33:5-34:38
41        android:name="android.permission.READ_EXTERNAL_STORAGE"
41-->src/main/AndroidManifest.xml:33:22-77
42        android:maxSdkVersion="32" />
42-->src/main/AndroidManifest.xml:34:9-35
43    <uses-permission
43-->src/main/AndroidManifest.xml:35:5-37:40
44        android:name="android.permission.WRITE_EXTERNAL_STORAGE"
44-->src/main/AndroidManifest.xml:35:22-78
45        android:maxSdkVersion="32" />
45-->src/main/AndroidManifest.xml:36:9-35
46
47    <!-- For Android 11+ (API 30+), we need MANAGE_EXTERNAL_STORAGE for broad access -->
48    <!-- This is required to access Documents/KiloWorkspace directory -->
49    <uses-permission android:name="android.permission.MANAGE_EXTERNAL_STORAGE" />
49-->src/main/AndroidManifest.xml:41:5-42:40
49-->src/main/AndroidManifest.xml:41:22-79
50
51    <!-- Access to all files on Android 13+ (API 33+) -->
52    <uses-permission android:name="android.permission.READ_MEDIA_IMAGES" />
52-->src/main/AndroidManifest.xml:45:5-46:46
52-->src/main/AndroidManifest.xml:45:22-73
53    <uses-permission android:name="android.permission.READ_MEDIA_VIDEO" />
53-->src/main/AndroidManifest.xml:47:5-48:46
53-->src/main/AndroidManifest.xml:47:22-72
54    <uses-permission android:name="android.permission.READ_MEDIA_AUDIO" />
54-->src/main/AndroidManifest.xml:49:5-75
54-->src/main/AndroidManifest.xml:49:22-72
55
56    <!-- Foreground service permission for Node.js runtime -->
57    <uses-permission android:name="android.permission.FOREGROUND_SERVICE" />
57-->src/main/AndroidManifest.xml:52:5-77
57-->src/main/AndroidManifest.xml:52:22-74
58    <uses-permission android:name="android.permission.FOREGROUND_SERVICE_DATA_SYNC" />
58-->src/main/AndroidManifest.xml:53:5-87
58-->src/main/AndroidManifest.xml:53:22-84
59
60    <!-- Post notifications (Android 13+) -->
61    <uses-permission android:name="android.permission.POST_NOTIFICATIONS" />
61-->src/main/AndroidManifest.xml:56:5-77
61-->src/main/AndroidManifest.xml:56:22-74
62
63    <permission
63-->[androidx.core:core:1.12.0] AndroidManifest.xml:22:5-24:47
64        android:name="com.kilo.companion.DYNAMIC_RECEIVER_NOT_EXPORTED_PERMISSION"
64-->[androidx.core:core:1.12.0] AndroidManifest.xml:23:9-81
65        android:protectionLevel="signature" />
65-->[androidx.core:core:1.12.0] AndroidManifest.xml:24:9-44
66
67    <uses-permission android:name="com.kilo.companion.DYNAMIC_RECEIVER_NOT_EXPORTED_PERMISSION" /> <!-- ========================================================================= -->
67-->[androidx.core:core:1.12.0] AndroidManifest.xml:26:5-97
67-->[androidx.core:core:1.12.0] AndroidManifest.xml:26:22-94
68    <!-- APPLICATION DECLARATION -->
69    <!-- ========================================================================= -->
70    <application
70-->src/main/AndroidManifest.xml:61:5-179:19
71        android:name="com.kilo.companion.CodePalApplication"
71-->src/main/AndroidManifest.xml:62:9-43
72        android:allowBackup="true"
72-->src/main/AndroidManifest.xml:63:9-35
73        android:appComponentFactory="androidx.core.app.CoreComponentFactory"
73-->[androidx.core:core:1.12.0] AndroidManifest.xml:28:18-86
74        android:debuggable="true"
75        android:extractNativeLibs="false"
76        android:icon="@mipmap/ic_launcher"
76-->src/main/AndroidManifest.xml:64:9-43
77        android:label="@string/app_name"
77-->src/main/AndroidManifest.xml:65:9-41
78        android:requestLegacyExternalStorage="true"
78-->src/main/AndroidManifest.xml:69:9-52
79        android:roundIcon="@mipmap/ic_launcher_round"
79-->src/main/AndroidManifest.xml:66:9-54
80        android:supportsRtl="true"
80-->src/main/AndroidManifest.xml:67:9-35
81        android:theme="@style/Theme.CodePal"
81-->src/main/AndroidManifest.xml:68:9-45
82        android:usesCleartextTraffic="true" >
82-->src/main/AndroidManifest.xml:70:9-44
83
84        <!-- ===================================================================== -->
85        <!-- MAIN ACTIVITY -->
86        <!-- ===================================================================== -->
87        <!-- This is the entry point of the app - what users see when they tap -->
88        <!-- the app icon. It hosts all the Compose UI screens via navigation. -->
89        <!-- ===================================================================== -->
90        <activity
90-->src/main/AndroidManifest.xml:79:9-90:20
91            android:name="com.kilo.companion.MainActivity"
91-->src/main/AndroidManifest.xml:80:13-41
92            android:configChanges="orientation|screenSize|smallestScreenSize"
92-->src/main/AndroidManifest.xml:83:13-78
93            android:exported="true"
93-->src/main/AndroidManifest.xml:81:13-36
94            android:theme="@style/Theme.CodePal" >
94-->src/main/AndroidManifest.xml:82:13-49
95
96            <!-- Main launcher intent - this makes the app appear in the launcher -->
97            <intent-filter>
97-->src/main/AndroidManifest.xml:86:13-89:29
98                <action android:name="android.intent.action.MAIN" />
98-->src/main/AndroidManifest.xml:87:17-69
98-->src/main/AndroidManifest.xml:87:25-66
99
100                <category android:name="android.intent.category.LAUNCHER" />
100-->src/main/AndroidManifest.xml:88:17-77
100-->src/main/AndroidManifest.xml:88:27-74
101            </intent-filter>
102        </activity>
103
104        <!-- ===================================================================== -->
105        <!-- AUTH HANDLER ACTIVITY -->
106        <!-- ===================================================================== -->
107        <!-- This activity intercepts OAuth redirect URLs from authentication -->
108        <!-- flows. It handles custom URI schemes (opencode://auth) and localhost -->
109        <!-- callbacks that the CLI tools use for authentication. -->
110        <!-- ===================================================================== -->
111        <activity
111-->src/main/AndroidManifest.xml:99:9-149:20
112            android:name="com.kilo.companion.AuthHandlerActivity"
112-->src/main/AndroidManifest.xml:100:13-48
113            android:excludeFromRecents="true"
113-->src/main/AndroidManifest.xml:105:13-46
114            android:exported="true"
114-->src/main/AndroidManifest.xml:101:13-36
115            android:launchMode="singleTask"
115-->src/main/AndroidManifest.xml:103:13-44
116            android:noHistory="true"
116-->src/main/AndroidManifest.xml:104:13-37
117            android:theme="@style/Theme.CodePal.NoActionBar" >
117-->src/main/AndroidManifest.xml:102:13-61
118
119            <!-- Intent filter for OpenCode custom URI scheme -->
120            <intent-filter>
120-->src/main/AndroidManifest.xml:108:13-113:29
121                <action android:name="android.intent.action.VIEW" />
121-->src/main/AndroidManifest.xml:109:17-69
121-->src/main/AndroidManifest.xml:109:25-66
122
123                <category android:name="android.intent.category.DEFAULT" />
123-->src/main/AndroidManifest.xml:110:17-76
123-->src/main/AndroidManifest.xml:110:27-73
124                <category android:name="android.intent.category.BROWSABLE" />
124-->src/main/AndroidManifest.xml:111:17-78
124-->src/main/AndroidManifest.xml:111:27-75
125
126                <data
126-->src/main/AndroidManifest.xml:112:17-71
127                    android:host="auth"
127-->src/main/AndroidManifest.xml:112:49-68
128                    android:scheme="opencode" />
128-->src/main/AndroidManifest.xml:112:23-48
129            </intent-filter>
130
131            <!-- Intent filter for Kilo custom URI scheme -->
132            <intent-filter>
132-->src/main/AndroidManifest.xml:116:13-121:29
133                <action android:name="android.intent.action.VIEW" />
133-->src/main/AndroidManifest.xml:109:17-69
133-->src/main/AndroidManifest.xml:109:25-66
134
135                <category android:name="android.intent.category.DEFAULT" />
135-->src/main/AndroidManifest.xml:110:17-76
135-->src/main/AndroidManifest.xml:110:27-73
136                <category android:name="android.intent.category.BROWSABLE" />
136-->src/main/AndroidManifest.xml:111:17-78
136-->src/main/AndroidManifest.xml:111:27-75
137
138                <data
138-->src/main/AndroidManifest.xml:112:17-71
139                    android:host="auth"
139-->src/main/AndroidManifest.xml:112:49-68
140                    android:scheme="kilo" />
140-->src/main/AndroidManifest.xml:112:23-48
141            </intent-filter>
142
143            <!-- Intent filter for localhost callbacks on various ports -->
144            <!-- CLI tools often listen on localhost:PORT for OAuth callbacks -->
145            <intent-filter>
145-->src/main/AndroidManifest.xml:125:13-131:29
146                <action android:name="android.intent.action.VIEW" />
146-->src/main/AndroidManifest.xml:109:17-69
146-->src/main/AndroidManifest.xml:109:25-66
147
148                <category android:name="android.intent.category.DEFAULT" />
148-->src/main/AndroidManifest.xml:110:17-76
148-->src/main/AndroidManifest.xml:110:27-73
149                <category android:name="android.intent.category.BROWSABLE" />
149-->src/main/AndroidManifest.xml:111:17-78
149-->src/main/AndroidManifest.xml:111:27-75
150
151                <data
151-->src/main/AndroidManifest.xml:112:17-71
152                    android:host="127.0.0.1"
152-->src/main/AndroidManifest.xml:112:49-68
153                    android:scheme="http" />
153-->src/main/AndroidManifest.xml:112:23-48
154                <data
154-->src/main/AndroidManifest.xml:112:17-71
155                    android:host="localhost"
155-->src/main/AndroidManifest.xml:112:49-68
156                    android:scheme="http" />
156-->src/main/AndroidManifest.xml:112:23-48
157            </intent-filter>
158
159            <!-- HTTPS localhost variants -->
160            <intent-filter>
160-->src/main/AndroidManifest.xml:134:13-140:29
161                <action android:name="android.intent.action.VIEW" />
161-->src/main/AndroidManifest.xml:109:17-69
161-->src/main/AndroidManifest.xml:109:25-66
162
163                <category android:name="android.intent.category.DEFAULT" />
163-->src/main/AndroidManifest.xml:110:17-76
163-->src/main/AndroidManifest.xml:110:27-73
164                <category android:name="android.intent.category.BROWSABLE" />
164-->src/main/AndroidManifest.xml:111:17-78
164-->src/main/AndroidManifest.xml:111:27-75
165
166                <data
166-->src/main/AndroidManifest.xml:112:17-71
167                    android:host="127.0.0.1"
167-->src/main/AndroidManifest.xml:112:49-68
168                    android:scheme="https" />
168-->src/main/AndroidManifest.xml:112:23-48
169                <data
169-->src/main/AndroidManifest.xml:112:17-71
170                    android:host="localhost"
170-->src/main/AndroidManifest.xml:112:49-68
171                    android:scheme="https" />
171-->src/main/AndroidManifest.xml:112:23-48
172            </intent-filter>
173
174            <!-- GitHub OAuth callback handler -->
175            <intent-filter>
175-->src/main/AndroidManifest.xml:143:13-148:29
176                <action android:name="android.intent.action.VIEW" />
176-->src/main/AndroidManifest.xml:109:17-69
176-->src/main/AndroidManifest.xml:109:25-66
177
178                <category android:name="android.intent.category.DEFAULT" />
178-->src/main/AndroidManifest.xml:110:17-76
178-->src/main/AndroidManifest.xml:110:27-73
179                <category android:name="android.intent.category.BROWSABLE" />
179-->src/main/AndroidManifest.xml:111:17-78
179-->src/main/AndroidManifest.xml:111:27-75
180
181                <data
181-->src/main/AndroidManifest.xml:112:17-71
182                    android:host="oauth"
182-->src/main/AndroidManifest.xml:112:49-68
183                    android:scheme="com.kilo.companion" />
183-->src/main/AndroidManifest.xml:112:23-48
184            </intent-filter>
185        </activity>
186
187        <!-- ===================================================================== -->
188        <!-- FILE PROVIDER -->
189        <!-- ===================================================================== -->
190        <!-- FileProvider is used to safely share files with other apps via URIs. -->
191        <!-- Required for Android 7.0+ when sharing files with external apps. -->
192        <!-- ===================================================================== -->
193        <provider
194            android:name="androidx.core.content.FileProvider"
194-->src/main/AndroidManifest.xml:158:13-62
195            android:authorities="com.kilo.companion.fileprovider"
195-->src/main/AndroidManifest.xml:159:13-64
196            android:exported="false"
196-->src/main/AndroidManifest.xml:160:13-37
197            android:grantUriPermissions="true" >
197-->src/main/AndroidManifest.xml:161:13-47
198            <meta-data
198-->src/main/AndroidManifest.xml:162:13-164:54
199                android:name="android.support.FILE_PROVIDER_PATHS"
199-->src/main/AndroidManifest.xml:163:17-67
200                android:resource="@xml/file_paths" />
200-->src/main/AndroidManifest.xml:164:17-51
201        </provider>
202
203        <!-- ===================================================================== -->
204        <!-- NODE.JS SERVICE -->
205        <!-- ===================================================================== -->
206        <!-- Foreground service that manages the Node.js runtime for running -->
207        <!-- opencode and kilo CLI tools. Keeps the AI environment running. -->
208        <!-- ===================================================================== -->
209        <service
209-->src/main/AndroidManifest.xml:173:9-177:56
210            android:name="com.kilo.companion.nodejs.NodeService"
210-->src/main/AndroidManifest.xml:174:13-47
211            android:enabled="true"
211-->src/main/AndroidManifest.xml:175:13-35
212            android:exported="false"
212-->src/main/AndroidManifest.xml:176:13-37
213            android:foregroundServiceType="dataSync" />
213-->src/main/AndroidManifest.xml:177:13-53
214
215        <activity
215-->[androidx.compose.ui:ui-test-manifest:1.6.1] AndroidManifest.xml:23:9-25:39
216            android:name="androidx.activity.ComponentActivity"
216-->[androidx.compose.ui:ui-test-manifest:1.6.1] AndroidManifest.xml:24:13-63
217            android:exported="true" />
217-->[androidx.compose.ui:ui-test-manifest:1.6.1] AndroidManifest.xml:25:13-36
218        <activity
218-->[androidx.compose.ui:ui-tooling-android:1.6.1] AndroidManifest.xml:23:9-25:39
219            android:name="androidx.compose.ui.tooling.PreviewActivity"
219-->[androidx.compose.ui:ui-tooling-android:1.6.1] AndroidManifest.xml:24:13-71
220            android:exported="true" />
220-->[androidx.compose.ui:ui-tooling-android:1.6.1] AndroidManifest.xml:25:13-36
221
222        <provider
222-->[androidx.emoji2:emoji2:1.3.0] AndroidManifest.xml:24:9-32:20
223            android:name="androidx.startup.InitializationProvider"
223-->[androidx.emoji2:emoji2:1.3.0] AndroidManifest.xml:25:13-67
224            android:authorities="com.kilo.companion.androidx-startup"
224-->[androidx.emoji2:emoji2:1.3.0] AndroidManifest.xml:26:13-68
225            android:exported="false" >
225-->[androidx.emoji2:emoji2:1.3.0] AndroidManifest.xml:27:13-37
226            <meta-data
226-->[androidx.emoji2:emoji2:1.3.0] AndroidManifest.xml:29:13-31:52
227                android:name="androidx.emoji2.text.EmojiCompatInitializer"
227-->[androidx.emoji2:emoji2:1.3.0] AndroidManifest.xml:30:17-75
228                android:value="androidx.startup" />
228-->[androidx.emoji2:emoji2:1.3.0] AndroidManifest.xml:31:17-49
229            <meta-data
229-->[androidx.lifecycle:lifecycle-process:2.7.0] AndroidManifest.xml:29:13-31:52
230                android:name="androidx.lifecycle.ProcessLifecycleInitializer"
230-->[androidx.lifecycle:lifecycle-process:2.7.0] AndroidManifest.xml:30:17-78
231                android:value="androidx.startup" />
231-->[androidx.lifecycle:lifecycle-process:2.7.0] AndroidManifest.xml:31:17-49
232            <meta-data
232-->[androidx.profileinstaller:profileinstaller:1.3.0] AndroidManifest.xml:29:13-31:52
233                android:name="androidx.profileinstaller.ProfileInstallerInitializer"
233-->[androidx.profileinstaller:profileinstaller:1.3.0] AndroidManifest.xml:30:17-85
234                android:value="androidx.startup" />
234-->[androidx.profileinstaller:profileinstaller:1.3.0] AndroidManifest.xml:31:17-49
235        </provider>
236
237        <receiver
237-->[androidx.profileinstaller:profileinstaller:1.3.0] AndroidManifest.xml:34:9-52:20
238            android:name="androidx.profileinstaller.ProfileInstallReceiver"
238-->[androidx.profileinstaller:profileinstaller:1.3.0] AndroidManifest.xml:35:13-76
239            android:directBootAware="false"
239-->[androidx.profileinstaller:profileinstaller:1.3.0] AndroidManifest.xml:36:13-44
240            android:enabled="true"
240-->[androidx.profileinstaller:profileinstaller:1.3.0] AndroidManifest.xml:37:13-35
241            android:exported="true"
241-->[androidx.profileinstaller:profileinstaller:1.3.0] AndroidManifest.xml:38:13-36
242            android:permission="android.permission.DUMP" >
242-->[androidx.profileinstaller:profileinstaller:1.3.0] AndroidManifest.xml:39:13-57
243            <intent-filter>
243-->[androidx.profileinstaller:profileinstaller:1.3.0] AndroidManifest.xml:40:13-42:29
244                <action android:name="androidx.profileinstaller.action.INSTALL_PROFILE" />
244-->[androidx.profileinstaller:profileinstaller:1.3.0] AndroidManifest.xml:41:17-91
244-->[androidx.profileinstaller:profileinstaller:1.3.0] AndroidManifest.xml:41:25-88
245            </intent-filter>
246            <intent-filter>
246-->[androidx.profileinstaller:profileinstaller:1.3.0] AndroidManifest.xml:43:13-45:29
247                <action android:name="androidx.profileinstaller.action.SKIP_FILE" />
247-->[androidx.profileinstaller:profileinstaller:1.3.0] AndroidManifest.xml:44:17-85
247-->[androidx.profileinstaller:profileinstaller:1.3.0] AndroidManifest.xml:44:25-82
248            </intent-filter>
249            <intent-filter>
249-->[androidx.profileinstaller:profileinstaller:1.3.0] AndroidManifest.xml:46:13-48:29
250                <action android:name="androidx.profileinstaller.action.SAVE_PROFILE" />
250-->[androidx.profileinstaller:profileinstaller:1.3.0] AndroidManifest.xml:47:17-88
250-->[androidx.profileinstaller:profileinstaller:1.3.0] AndroidManifest.xml:47:25-85
251            </intent-filter>
252            <intent-filter>
252-->[androidx.profileinstaller:profileinstaller:1.3.0] AndroidManifest.xml:49:13-51:29
253                <action android:name="androidx.profileinstaller.action.BENCHMARK_OPERATION" />
253-->[androidx.profileinstaller:profileinstaller:1.3.0] AndroidManifest.xml:50:17-95
253-->[androidx.profileinstaller:profileinstaller:1.3.0] AndroidManifest.xml:50:25-92
254            </intent-filter>
255        </receiver>
256    </application>
257
258</manifest>